<?xml version="1.0" encoding="UTF-8"?>
<!-- Generated by org.testng.reporters.JUnitXMLReporter -->
<testsuite hostname="DESKTOP-OVVJR1P" ignored="0" name="PositiveTests" tests="2" failures="0" timestamp="19 Jul 2020 23:46:49 GMT" time="29.961" errors="0">
  <testcase name="clickForExplore" time="3.849" classname="com.githubapp.theinternet.testCases.TC001"/>
  <testcase name="clickForRepositories" time="2.732" classname="com.githubapp.theinternet.testCases.TC002"/>
</testsuite> <!-- PositiveTests -->
