<?xml version="1.0" encoding="UTF-8"?>
<testng-results skipped="0" failed="0" ignored="0" total="2" passed="2">
  <reporter-output>
    <line>
      <![CDATA[clickForExplore::PASSED]]>
    </line>
    <line>
      <![CDATA[clickForRepositories::PASSED]]>
    </line>
  </reporter-output>
  <suite name="Suite" duration-ms="29961" started-at="2020-07-19T23:46:19Z" finished-at="2020-07-19T23:46:49Z">
    <groups>
    </groups>
    <test name="PositiveTests" duration-ms="29961" started-at="2020-07-19T23:46:19Z" finished-at="2020-07-19T23:46:49Z">
      <class name="com.githubapp.theinternet.testCases.TC002">
        <test-method status="PASS" signature="openApp(java.lang.String, java.lang.String)[pri:0, instance:com.githubapp.theinternet.testCases.TC002@4667ae56]" name="openApp" is-config="true" duration-ms="5553" started-at="2020-07-19T23:46:37Z" finished-at="2020-07-19T23:46:42Z">
          <params>
            <param index="0">
              <value>
                <![CDATA[chrome]]>
              </value>
            </param>
            <param index="1">
              <value>
                <![CDATA[30]]>
              </value>
            </param>
          </params>
          <reporter-output>
          </reporter-output>
        </test-method> <!-- openApp -->
        <test-method status="PASS" signature="signIn()[pri:0, instance:com.githubapp.theinternet.testCases.TC002@4667ae56]" name="signIn" is-config="true" duration-ms="1066" started-at="2020-07-19T23:46:42Z" finished-at="2020-07-19T23:46:43Z">
          <reporter-output>
          </reporter-output>
        </test-method> <!-- signIn -->
        <test-method status="PASS" signature="clickForRepositories()[pri:0, instance:com.githubapp.theinternet.testCases.TC002@4667ae56]" name="clickForRepositories" duration-ms="2732" started-at="2020-07-19T23:46:43Z" finished-at="2020-07-19T23:46:46Z">
          <reporter-output>
          </reporter-output>
        </test-method> <!-- clickForRepositories -->
        <test-method status="PASS" signature="signOut(org.testng.ITestResult)[pri:0, instance:com.githubapp.theinternet.testCases.TC002@4667ae56]" name="signOut" is-config="true" duration-ms="2551" started-at="2020-07-19T23:46:46Z" finished-at="2020-07-19T23:46:48Z">
          <params>
            <param index="0">
              <value>
                <![CDATA[[TestResult name=clickForRepositories status=SUCCESS method=TC002.clickForRepositories()[pri:0, instance:com.githubapp.theinternet.testCases.TC002@4667ae56] output={null}]]]>
              </value>
            </param>
          </params>
          <reporter-output>
            <line>
              <![CDATA[clickForRepositories::PASSED]]>
            </line>
          </reporter-output>
        </test-method> <!-- signOut -->
        <test-method status="PASS" signature="CloseApp()[pri:0, instance:com.githubapp.theinternet.testCases.TC002@4667ae56]" name="CloseApp" is-config="true" duration-ms="614" started-at="2020-07-19T23:46:48Z" finished-at="2020-07-19T23:46:49Z">
          <reporter-output>
          </reporter-output>
        </test-method> <!-- CloseApp -->
      </class> <!-- com.githubapp.theinternet.testCases.TC002 -->
      <class name="com.githubapp.theinternet.testCases.TC001">
        <test-method status="PASS" signature="openApp(java.lang.String, java.lang.String)[pri:0, instance:com.githubapp.theinternet.testCases.TC001@1a968a59]" name="openApp" is-config="true" duration-ms="6130" started-at="2020-07-19T23:46:19Z" finished-at="2020-07-19T23:46:25Z">
          <params>
            <param index="0">
              <value>
                <![CDATA[chrome]]>
              </value>
            </param>
            <param index="1">
              <value>
                <![CDATA[30]]>
              </value>
            </param>
          </params>
          <reporter-output>
          </reporter-output>
        </test-method> <!-- openApp -->
        <test-method status="PASS" signature="signIn()[pri:0, instance:com.githubapp.theinternet.testCases.TC001@1a968a59]" name="signIn" is-config="true" duration-ms="2682" started-at="2020-07-19T23:46:25Z" finished-at="2020-07-19T23:46:28Z">
          <reporter-output>
          </reporter-output>
        </test-method> <!-- signIn -->
        <test-method status="PASS" signature="clickForExplore()[pri:0, instance:com.githubapp.theinternet.testCases.TC001@1a968a59]" name="clickForExplore" duration-ms="3849" started-at="2020-07-19T23:46:28Z" finished-at="2020-07-19T23:46:32Z">
          <reporter-output>
          </reporter-output>
        </test-method> <!-- clickForExplore -->
        <test-method status="PASS" signature="signOut(org.testng.ITestResult)[pri:0, instance:com.githubapp.theinternet.testCases.TC001@1a968a59]" name="signOut" is-config="true" duration-ms="4161" started-at="2020-07-19T23:46:32Z" finished-at="2020-07-19T23:46:36Z">
          <params>
            <param index="0">
              <value>
                <![CDATA[[TestResult name=clickForExplore status=SUCCESS method=TC001.clickForExplore()[pri:0, instance:com.githubapp.theinternet.testCases.TC001@1a968a59] output={null}]]]>
              </value>
            </param>
          </params>
          <reporter-output>
            <line>
              <![CDATA[clickForExplore::PASSED]]>
            </line>
          </reporter-output>
        </test-method> <!-- signOut -->
        <test-method status="PASS" signature="CloseApp()[pri:0, instance:com.githubapp.theinternet.testCases.TC001@1a968a59]" name="CloseApp" is-config="true" duration-ms="602" started-at="2020-07-19T23:46:36Z" finished-at="2020-07-19T23:46:37Z">
          <reporter-output>
          </reporter-output>
        </test-method> <!-- CloseApp -->
      </class> <!-- com.githubapp.theinternet.testCases.TC001 -->
    </test> <!-- PositiveTests -->
  </suite> <!-- Suite -->
</testng-results>
